::1 - - [25/Apr/2019:06:03:02 +0000] "POST /api/issue HTTP/1.1" 500 1960 "-" "PostmanRuntime/7.11.0"
::1 - - [25/Apr/2019:06:06:19 +0000] "POST /api/issue HTTP/1.1" 500 1960 "-" "PostmanRuntime/7.11.0"
::1 - - [Thu, 25 Apr 2019 06:06:48 GMT] "POST /api/issue HTTP/1.1" 500 1960 "-" "PostmanRuntime/7.11.0"
::1 - - [25/Apr/2019:07:07:46 +0000] "POST /api/issue HTTP/1.1" 500 1960 "-" "PostmanRuntime/7.11.0"
::1 - - [25/Apr/2019:07:07:49 +0000] "POST /api/issue HTTP/1.1" 500 1960 "-" "PostmanRuntime/7.11.0"
::1 - - [25/Apr/2019:07:11:55 +0000] "POST /api/issue HTTP/1.1" 500 1960 "-" "PostmanRuntime/7.11.0"
::1 - - [25/Apr/2019:07:59:22 +0000] "POST /api/issue/add HTTP/1.1" 500 1999 "-" "PostmanRuntime/7.11.0"
::1 - - [25/Apr/2019:09:00:25 +0000] "GET /api/issue HTTP/1.1" 500 151 "-" "PostmanRuntime/7.11.0"
::1 - - [25/Apr/2019:09:00:54 +0000] "GET /api/issue HTTP/1.1" 500 151 "-" "PostmanRuntime/7.11.0"
::1 - - [25/Apr/2019:09:01:17 +0000] "GET /api/issue HTTP/1.1" 500 151 "-" "PostmanRuntime/7.11.0"
::1 - - [25/Apr/2019:09:02:02 +0000] "GET /api/issue HTTP/1.1" 500 151 "-" "PostmanRuntime/7.11.0"
::1 - - [25/Apr/2019:09:02:15 +0000] "GET /api/issue HTTP/1.1" 500 151 "-" "PostmanRuntime/7.11.0"
::1 - - [25/Apr/2019:09:02:41 +0000] "POST /api/issue/add HTTP/1.1" 500 151 "-" "PostmanRuntime/7.11.0"
::1 - - [25/Apr/2019:09:05:58 +0000] "POST /api/issue/add HTTP/1.1" 500 151 "-" "PostmanRuntime/7.11.0"
::1 - - [25/Apr/2019:09:06:11 +0000] "POST /api/issue/add HTTP/1.1" 500 151 "-" "PostmanRuntime/7.11.0"
::1 - - [25/Apr/2019:09:07:37 +0000] "POST /api/issue/add HTTP/1.1" 500 145 "-" "PostmanRuntime/7.11.0"
::1 - - [25/Apr/2019:09:07:43 +0000] "POST /api/issue/add HTTP/1.1" 500 145 "-" "PostmanRuntime/7.11.0"
::1 - - [25/Apr/2019:09:15:30 +0000] "GET /api/issue HTTP/1.1" 500 145 "-" "PostmanRuntime/7.11.0"
::1 - - [25/Apr/2019:09:29:35 +0000] "POST /api/issue HTTP/1.1" 500 145 "-" "PostmanRuntime/7.11.0"
::ffff:192.168.10.217 - - [25/Apr/2019:09:29:37 +0000] "POST /api/issue HTTP/1.1" 500 145 "-" "Mozilla/5.0 (Windows NT 10.0; Win64; x64; rv:66.0) Gecko/20100101 Firefox/66.0"
::ffff:192.168.10.217 - - [25/Apr/2019:09:30:57 +0000] "POST /api/issue HTTP/1.1" 500 145 "-" "Mozilla/5.0 (Windows NT 10.0; Win64; x64; rv:66.0) Gecko/20100101 Firefox/66.0"
::ffff:192.168.10.217 - - [25/Apr/2019:09:31:36 +0000] "POST /api/issue HTTP/1.1" 500 146 "-" "Mozilla/5.0 (Windows NT 10.0; Win64; x64; rv:66.0) Gecko/20100101 Firefox/66.0"
::1 - - [25/Apr/2019:09:33:06 +0000] "POST /api/issue HTTP/1.1" 500 146 "-" "PostmanRuntime/7.11.0"
::ffff:192.168.10.217 - - [25/Apr/2019:09:35:05 +0000] "POST /api/issue HTTP/1.1" 500 146 "-" "Mozilla/5.0 (Windows NT 10.0; Win64; x64; rv:66.0) Gecko/20100101 Firefox/66.0"
::ffff:192.168.10.222 - - [25/Apr/2019:09:35:54 +0000] "POST /api/issue HTTP/1.1" 500 146 "-" "PostmanRuntime/7.11.0"
::ffff:192.168.10.222 - - [25/Apr/2019:09:36:09 +0000] "POST /api/issue HTTP/1.1" 500 146 "-" "PostmanRuntime/7.11.0"
::ffff:192.168.10.222 - - [25/Apr/2019:09:36:13 +0000] "POST /api/issue HTTP/1.1" 500 146 "-" "PostmanRuntime/7.11.0"
::ffff:192.168.10.222 - - [25/Apr/2019:09:36:15 +0000] "POST /api/issue HTTP/1.1" 500 146 "-" "PostmanRuntime/7.11.0"
::1 - - [25/Apr/2019:09:36:33 +0000] "POST /api/issue HTTP/1.1" 500 146 "-" "PostmanRuntime/7.11.0"
::ffff:192.168.10.217 - - [25/Apr/2019:09:37:54 +0000] "POST /api/issue HTTP/1.1" 500 146 "-" "Mozilla/5.0 (Windows NT 10.0; Win64; x64; rv:66.0) Gecko/20100101 Firefox/66.0"
::ffff:192.168.10.217 - - [25/Apr/2019:09:37:59 +0000] "POST /api/issue HTTP/1.1" 500 146 "-" "Mozilla/5.0 (Windows NT 10.0; Win64; x64; rv:66.0) Gecko/20100101 Firefox/66.0"
::ffff:192.168.10.217 - - [25/Apr/2019:09:38:43 +0000] "POST /api/issue HTTP/1.1" 500 1960 "-" "Mozilla/5.0 (Windows NT 10.0; Win64; x64; rv:66.0) Gecko/20100101 Firefox/66.0"
::1 - - [25/Apr/2019:09:39:24 +0000] "POST /api/issue HTTP/1.1" 500 146 "-" "PostmanRuntime/7.11.0"
::1 - - [25/Apr/2019:09:40:06 +0000] "POST /api/issue HTTP/1.1" 500 146 "-" "PostmanRuntime/7.11.0"
::1 - - [25/Apr/2019:09:40:21 +0000] "POST /api/issue HTTP/1.1" 200 366 "-" "PostmanRuntime/7.11.0"
::1 - - [25/Apr/2019:09:40:34 +0000] "POST /api/issue HTTP/1.1" 500 146 "-" "PostmanRuntime/7.11.0"
::1 - - [25/Apr/2019:09:40:48 +0000] "POST /api/issue HTTP/1.1" 500 146 "-" "PostmanRuntime/7.11.0"
::ffff:192.168.10.217 - - [25/Apr/2019:09:40:57 +0000] "POST /api/issue HTTP/1.1" 500 1960 "-" "Mozilla/5.0 (Windows NT 10.0; Win64; x64; rv:66.0) Gecko/20100101 Firefox/66.0"
::ffff:192.168.10.217 - - [25/Apr/2019:09:41:21 +0000] "POST /api/issue HTTP/1.1" 500 1960 "-" "Mozilla/5.0 (Windows NT 10.0; Win64; x64; rv:66.0) Gecko/20100101 Firefox/66.0"
::ffff:192.168.10.217 - - [25/Apr/2019:09:41:44 +0000] "POST /api/issue HTTP/1.1" 500 1960 "-" "Mozilla/5.0 (Windows NT 10.0; Win64; x64; rv:66.0) Gecko/20100101 Firefox/66.0"
::ffff:192.168.10.217 - - [25/Apr/2019:09:42:23 +0000] "POST /api/issue HTTP/1.1" 500 1960 "-" "Mozilla/5.0 (Windows NT 10.0; Win64; x64; rv:66.0) Gecko/20100101 Firefox/66.0"
::ffff:192.168.10.217 - - [25/Apr/2019:09:42:24 +0000] "POST /api/issue HTTP/1.1" 500 1960 "-" "Mozilla/5.0 (Windows NT 10.0; Win64; x64; rv:66.0) Gecko/20100101 Firefox/66.0"
::ffff:192.168.10.217 - - [25/Apr/2019:09:43:22 +0000] "GET /api/issue HTTP/1.1" 200 11338 "-" "Mozilla/5.0 (Windows NT 10.0; Win64; x64; rv:66.0) Gecko/20100101 Firefox/66.0"
::ffff:192.168.10.217 - - [25/Apr/2019:09:43:48 +0000] "GET /api/issue HTTP/1.1" 200 11338 "-" "Mozilla/5.0 (Windows NT 10.0; Win64; x64; rv:66.0) Gecko/20100101 Firefox/66.0"
::1 - - [25/Apr/2019:09:44:46 +0000] "GET /issue HTTP/1.1" 500 146 "-" "PostmanRuntime/7.11.0"
::1 - - [25/Apr/2019:09:49:00 +0000] "GET /issue HTTP/1.1" 200 79 "-" "PostmanRuntime/7.11.0"
::1 - - [25/Apr/2019:09:49:38 +0000] "GET /issue HTTP/1.1" 200 79 "-" "PostmanRuntime/7.11.0"
::1 - - [25/Apr/2019:09:56:33 +0000] "GET /issue HTTP/1.1" 200 79 "-" "PostmanRuntime/7.11.0"
::1 - - [25/Apr/2019:09:56:40 +0000] "GET /issue HTTP/1.1" 200 79 "-" "PostmanRuntime/7.11.0"
::1 - - [25/Apr/2019:09:56:58 +0000] "GET /issue HTTP/1.1" 200 79 "-" "PostmanRuntime/7.11.0"
::1 - - [25/Apr/2019:09:58:46 +0000] "GET /issue HTTP/1.1" 200 79 "-" "PostmanRuntime/7.11.0"
::1 - - [25/Apr/2019:09:59:11 +0000] "GET /issue HTTP/1.1" 200 79 "-" "PostmanRuntime/7.11.0"
::1 - - [25/Apr/2019:09:59:59 +0000] "GET /issue HTTP/1.1" 200 11338 "-" "PostmanRuntime/7.11.0"
::1 - - [25/Apr/2019:10:00:32 +0000] "GET /issue HTTP/1.1" 200 11338 "-" "PostmanRuntime/7.11.0"
::1 - - [26/Apr/2019:01:17:54 +0000] "GET /issue HTTP/1.1" 200 11338 "-" "PostmanRuntime/7.11.0"
::1 - - [26/Apr/2019:01:45:12 +0000] "GET /issue HTTP/1.1" 200 11383 "-" "PostmanRuntime/7.11.0"
::1 - - [26/Apr/2019:01:49:44 +0000] "GET /issue HTTP/1.1" 200 11383 "-" "PostmanRuntime/7.11.0"
::1 - - [26/Apr/2019:01:55:29 +0000] "GET /issue/list HTTP/1.1" 200 1516 "-" "PostmanRuntime/7.11.0"
::1 - - [26/Apr/2019:01:58:46 +0000] "GET /issue HTTP/1.1" 200 11383 "-" "PostmanRuntime/7.11.0"
::1 - - [26/Apr/2019:01:58:56 +0000] "GET /issue/5cc16fa2c4584142384f0d70 HTTP/1.1" 200 49 "-" "PostmanRuntime/7.11.0"
::1 - - [26/Apr/2019:02:02:02 +0000] "GET /issue HTTP/1.1" 200 11383 "-" "PostmanRuntime/7.11.0"
::1 - - [26/Apr/2019:02:02:56 +0000] "GET /issue/list HTTP/1.1" 200 1516 "-" "PostmanRuntime/7.11.0"
::1 - - [26/Apr/2019:02:03:27 +0000] "GET /issue HTTP/1.1" 200 11383 "-" "PostmanRuntime/7.11.0"
::1 - - [26/Apr/2019:02:04:42 +0000] "GET /issue/list HTTP/1.1" 200 1516 "-" "PostmanRuntime/7.11.0"
::1 - - [26/Apr/2019:02:06:08 +0000] "GET /issue HTTP/1.1" 200 11383 "-" "PostmanRuntime/7.11.0"
::1 - - [26/Apr/2019:02:08:35 +0000] "GET /issue/5cc1808574067320984574f2 HTTP/1.1" 200 107 "-" "PostmanRuntime/7.11.0"
::1 - - [26/Apr/2019:02:10:00 +0000] "GET /issue/5cc1808574067320984574f2 HTTP/1.1" 200 413 "-" "PostmanRuntime/7.11.0"
::1 - - [26/Apr/2019:02:10:15 +0000] "GET /issue/5cc1808574067320984574f2 HTTP/1.1" 200 413 "-" "PostmanRuntime/7.11.0"
::1 - - [26/Apr/2019:02:10:45 +0000] "GET /issue/5cc1808574067320984574f2 HTTP/1.1" 200 413 "-" "PostmanRuntime/7.11.0"
::1 - - [26/Apr/2019:02:12:13 +0000] "GET /issue/5cc1808574067320984574f2 HTTP/1.1" 200 47 "-" "PostmanRuntime/7.11.0"
::1 - - [26/Apr/2019:02:12:20 +0000] "GET /issue/5cc1808574067320984574f2 HTTP/1.1" 200 47 "-" "PostmanRuntime/7.11.0"
::1 - - [26/Apr/2019:02:34:16 +0000] "GET /issue/5cc1808574067320984574f2 HTTP/1.1" 200 2 "-" "PostmanRuntime/7.11.0"
::1 - - [26/Apr/2019:02:34:27 +0000] "GET /issue/5cc1808574067320984574f2 HTTP/1.1" 200 2 "-" "PostmanRuntime/7.11.0"
::1 - - [26/Apr/2019:02:34:29 +0000] "GET /issue/5cc1808574067320984574f2 HTTP/1.1" 200 2 "-" "PostmanRuntime/7.11.0"
::1 - - [26/Apr/2019:02:34:42 +0000] "GET /issue/5cc1808574067320984574f2 HTTP/1.1" 200 2 "-" "PostmanRuntime/7.11.0"
::1 - - [26/Apr/2019:02:34:58 +0000] "GET /issue/5cc1808574067320984574f2 HTTP/1.1" 200 2 "-" "PostmanRuntime/7.11.0"
::1 - - [26/Apr/2019:02:34:59 +0000] "GET /issue/5cc1808574067320984574f2 HTTP/1.1" 200 2 "-" "PostmanRuntime/7.11.0"
::1 - - [26/Apr/2019:02:35:17 +0000] "GET /issue/5cc1808574067320984574f2 HTTP/1.1" 200 2 "-" "PostmanRuntime/7.11.0"
::1 - - [26/Apr/2019:02:35:34 +0000] "GET /issue/5cc1808574067320984574f2 HTTP/1.1" 200 413 "-" "PostmanRuntime/7.11.0"
::1 - - [26/Apr/2019:02:36:54 +0000] "GET /issue/5cc1808574067320984574f2 HTTP/1.1" 200 2 "-" "PostmanRuntime/7.11.0"
::1 - - [26/Apr/2019:02:37:36 +0000] "GET /issue/5cc1808574067320984574f2 HTTP/1.1" 200 97 "-" "PostmanRuntime/7.11.0"
::1 - - [26/Apr/2019:02:37:54 +0000] "GET /issue/5cc1808574067320984574f2 HTTP/1.1" 200 97 "-" "PostmanRuntime/7.11.0"
::1 - - [26/Apr/2019:02:40:39 +0000] "GET /issue/5cc1808574067320984574f2 HTTP/1.1" 200 413 "-" "PostmanRuntime/7.11.0"
::1 - - [26/Apr/2019:02:43:44 +0000] "GET /issue/detail?id=5cc1808574067320984574f3 HTTP/1.1" 200 47 "-" "PostmanRuntime/7.11.0"
::1 - - [26/Apr/2019:02:44:21 +0000] "GET /issue/detail?id=5cc1808574067320984574f3 HTTP/1.1" 200 47 "-" "PostmanRuntime/7.11.0"
::1 - - [26/Apr/2019:02:44:59 +0000] "GET /issue/detail?id=5cc1808574067320984574f3 HTTP/1.1" 200 47 "-" "PostmanRuntime/7.11.0"
::1 - - [26/Apr/2019:02:45:16 +0000] "GET /issue/detail?id=5cc1808574067320984574f3 HTTP/1.1" 200 47 "-" "PostmanRuntime/7.11.0"
::1 - - [26/Apr/2019:02:46:39 +0000] "GET /issue/detail?id=5cc1808574067320984574f3 HTTP/1.1" 200 47 "-" "PostmanRuntime/7.11.0"
::1 - - [26/Apr/2019:02:46:51 +0000] "GET /issue/detail?id=5cc1808574067320984574f3 HTTP/1.1" 200 47 "-" "PostmanRuntime/7.11.0"
::1 - - [26/Apr/2019:02:46:57 +0000] "GET /issue/detail?id=5cc1808574067320984574f3 HTTP/1.1" 200 47 "-" "PostmanRuntime/7.11.0"
::1 - - [26/Apr/2019:02:47:37 +0000] "GET /issue/detail?id=5cc1808574067320984574f3 HTTP/1.1" 200 47 "-" "PostmanRuntime/7.11.0"
::1 - - [26/Apr/2019:02:47:58 +0000] "GET /issue/detail?id=5cc1808574067320984574f3 HTTP/1.1" 200 47 "-" "PostmanRuntime/7.11.0"
::1 - - [26/Apr/2019:02:48:16 +0000] "GET /issue/detail?id=5cc1808574067320984574f3 HTTP/1.1" 200 47 "-" "PostmanRuntime/7.11.0"
::1 - - [26/Apr/2019:02:49:02 +0000] "GET /issue/detail HTTP/1.1" 404 151 "-" "PostmanRuntime/7.11.0"
::1 - - [26/Apr/2019:02:49:42 +0000] "GET /issue/detail HTTP/1.1" 404 151 "-" "PostmanRuntime/7.11.0"
::1 - - [26/Apr/2019:02:49:56 +0000] "POST /issue/detail HTTP/1.1" 200 413 "-" "PostmanRuntime/7.11.0"
::1 - - [26/Apr/2019:02:53:43 +0000] "POST /issue/detail HTTP/1.1" 200 413 "-" "PostmanRuntime/7.11.0"
::1 - - [26/Apr/2019:02:57:23 +0000] "POST /issue/detail HTTP/1.1" 200 413 "-" "PostmanRuntime/7.11.0"
::1 - - [26/Apr/2019:02:57:50 +0000] "POST /issue/detail HTTP/1.1" 200 2 "-" "PostmanRuntime/7.11.0"
::1 - - [26/Apr/2019:02:58:01 +0000] "POST /issue/detail HTTP/1.1" 200 2 "-" "PostmanRuntime/7.11.0"
::1 - - [26/Apr/2019:02:58:25 +0000] "POST /issue/detail HTTP/1.1" 200 2 "-" "PostmanRuntime/7.11.0"
::1 - - [26/Apr/2019:02:58:47 +0000] "POST /issue/detail HTTP/1.1" 200 413 "-" "PostmanRuntime/7.11.0"
::1 - - [26/Apr/2019:02:59:52 +0000] "POST /issue/detail HTTP/1.1" 200 107 "-" "PostmanRuntime/7.11.0"
::1 - - [26/Apr/2019:03:00:05 +0000] "POST /issue/detail HTTP/1.1" 200 245 "-" "PostmanRuntime/7.11.0"
::1 - - [26/Apr/2019:03:00:18 +0000] "POST /issue/detail HTTP/1.1" 200 245 "-" "PostmanRuntime/7.11.0"
::1 - - [26/Apr/2019:03:00:33 +0000] "POST /issue/detail HTTP/1.1" 200 5 "-" "PostmanRuntime/7.11.0"
::1 - - [26/Apr/2019:03:00:56 +0000] "POST /issue/detail HTTP/1.1" 200 5 "-" "PostmanRuntime/7.11.0"
::1 - - [26/Apr/2019:03:20:10 +0000] "POST /issue/list HTTP/1.1" 404 150 "-" "PostmanRuntime/7.11.0"
::1 - - [26/Apr/2019:03:23:48 +0000] "GET /issue/details HTTP/1.1" 404 152 "-" "PostmanRuntime/7.11.0"
::1 - - [26/Apr/2019:03:31:07 +0000] "POST /issue/list HTTP/1.1" 404 150 "-" "PostmanRuntime/7.11.0"
::1 - - [26/Apr/2019:03:39:27 +0000] "POST /issue HTTP/1.1" 404 145 "-" "PostmanRuntime/7.11.0"
::1 - - [26/Apr/2019:03:39:54 +0000] "POST /issue HTTP/1.1" 404 145 "-" "PostmanRuntime/7.11.0"
::1 - - [26/Apr/2019:10:00:07 +0000] "POST /issue HTTP/1.1" 404 145 "-" "PostmanRuntime/7.11.0"
::1 - - [26/Apr/2019:10:00:13 +0000] "GET /issue HTTP/1.1" 404 144 "-" "PostmanRuntime/7.11.0"
::1 - - [26/Apr/2019:10:01:08 +0000] "POST /api/issue/add HTTP/1.1" 404 153 "-" "PostmanRuntime/7.11.0"
::1 - - [26/Apr/2019:10:01:17 +0000] "POST /api/issue/add HTTP/1.1" 404 153 "-" "PostmanRuntime/7.11.0"
::1 - - [28/Apr/2019:05:54:13 +0000] "GET /issue/search?name=%E6%98%AF HTTP/1.1" 404 151 "-" "PostmanRuntime/7.11.0"
::1 - - [28/Apr/2019:05:56:11 +0000] "GET /issue/search?name=%E6%98%AF HTTP/1.1" 404 151 "-" "PostmanRuntime/7.11.0"
::1 - - [28/Apr/2019:05:56:52 +0000] "GET /issue/search?name=%E6%98%AF HTTP/1.1" 404 151 "-" "PostmanRuntime/7.11.0"
::1 - - [28/Apr/2019:05:57:15 +0000] "GET /issue/search?name=%E6%98%AF HTTP/1.1" 404 151 "-" "PostmanRuntime/7.11.0"
::1 - - [28/Apr/2019:05:57:31 +0000] "GET /issue/search HTTP/1.1" 404 151 "-" "PostmanRuntime/7.11.0"
::1 - - [28/Apr/2019:05:57:54 +0000] "GET /issue/search HTTP/1.1" 404 151 "-" "PostmanRuntime/7.11.0"
::1 - - [28/Apr/2019:05:58:43 +0000] "GET /issue/search HTTP/1.1" 404 151 "-" "PostmanRuntime/7.11.0"
::1 - - [08/May/2019:06:22:24 +0000] "POST /user HTTP/1.1" 404 144 "-" "PostmanRuntime/7.11.0"
::1 - - [08/May/2019:06:25:20 +0000] "POST /user HTTP/1.1" 404 144 "-" "PostmanRuntime/7.11.0"
::1 - - [08/May/2019:06:27:01 +0000] "POST /user HTTP/1.1" 500 1869 "-" "PostmanRuntime/7.11.0"
::1 - - [08/May/2019:07:47:47 +0000] "POST /user/add HTTP/1.1" 500 1876 "-" "PostmanRuntime/7.11.0"
::1 - - [08/May/2019:07:48:11 +0000] "POST /user/add HTTP/1.1" 500 1856 "-" "PostmanRuntime/7.11.0"
::1 - - [08/May/2019:07:48:54 +0000] "POST /user/add HTTP/1.1" 500 1857 "-" "PostmanRuntime/7.11.0"
::1 - - [08/May/2019:07:50:23 +0000] "POST /user/add HTTP/1.1" 500 1857 "-" "PostmanRuntime/7.11.0"
::1 - - [08/May/2019:09:35:41 +0000] "POST /user HTTP/1.1" 500 1898 "-" "PostmanRuntime/7.11.0"
::1 - - [08/May/2019:09:57:19 +0000] "POST /user HTTP/1.1" 500 1899 "-" "PostmanRuntime/7.11.0"
